<?xml version="1.0" encoding="UTF-8"?>
<!-- Generated by org.testng.reporters.JUnitReportReporter -->
<testsuite hostname="LTIN508809" failures="0" tests="3" name="testRunner.TestRunner" time="74.138" errors="0" timestamp="2024-10-23T12:27:53 IST" skipped="0">
  <testcase classname="testRunner.TestRunner" name="runScenario" time="24.806"/>
  <testcase classname="testRunner.TestRunner" name="runScenario" time="20.617"/>
  <testcase classname="testRunner.TestRunner" name="runScenario" time="28.715"/>
</testsuite> <!-- testRunner.TestRunner -->
